2019-08-26 10:30:15,431 INFO o.a.j.u.JMeterUtils: Setting Locale to en_IN
2019-08-26 10:30:15,450 INFO o.a.j.JMeter: Loading user properties from: user.properties
2019-08-26 10:30:15,454 INFO o.a.j.JMeter: Loading system properties from: system.properties
2019-08-26 10:30:15,486 INFO o.a.j.JMeter: Copyright (c) 1998-2017 The Apache Software Foundation
2019-08-26 10:30:15,486 INFO o.a.j.JMeter: Version 3.3 r1808647
2019-08-26 10:30:15,486 INFO o.a.j.JMeter: java.version=10.0.1
2019-08-26 10:30:15,486 INFO o.a.j.JMeter: java.vm.name=Java HotSpot(TM) 64-Bit Server VM
2019-08-26 10:30:15,486 INFO o.a.j.JMeter: os.name=Mac OS X
2019-08-26 10:30:15,486 INFO o.a.j.JMeter: os.arch=x86_64
2019-08-26 10:30:15,486 INFO o.a.j.JMeter: os.version=10.13.5
2019-08-26 10:30:15,486 INFO o.a.j.JMeter: file.encoding=UTF-8
2019-08-26 10:30:15,487 INFO o.a.j.JMeter: Max memory     =2147483648
2019-08-26 10:30:15,487 INFO o.a.j.JMeter: Available Processors =4
2019-08-26 10:30:15,498 INFO o.a.j.JMeter: Default Locale=English (India)
2019-08-26 10:30:15,499 INFO o.a.j.JMeter: JMeter  Locale=English (India)
2019-08-26 10:30:15,499 INFO o.a.j.JMeter: JMeterHome=/Users/kiwitech/Downloads/untitled folder/DATA_BACKUP/apache-jmeter-3.3
2019-08-26 10:30:15,499 INFO o.a.j.JMeter: user.dir  =/Users/kiwitech/Downloads/untitled folder/DATA_BACKUP/apache-jmeter-3.3/bin
2019-08-26 10:30:15,499 INFO o.a.j.JMeter: PWD       =/Users/kiwitech/Downloads/untitled folder/DATA_BACKUP/apache-jmeter-3.3/bin
2019-08-26 10:30:15,535 INFO o.a.j.JMeter: IP: 172.16.146.84 Name: abhi.local FullName: 172.16.146.84
2019-08-26 10:30:18,916 INFO o.a.j.g.a.LookAndFeelCommand: Using look and feel: com.apple.laf.AquaLookAndFeel [Mac OS X, System]
2019-08-26 10:30:18,922 INFO o.a.j.JMeter: Loaded icon properties from org/apache/jmeter/images/icon.properties
2019-08-26 10:30:21,268 INFO o.a.j.e.u.CompoundVariable: Note: Function class names must contain the string: '.functions.'
2019-08-26 10:30:21,268 INFO o.a.j.e.u.CompoundVariable: Note: Function class names must not contain the string: '.gui.'
2019-08-26 10:30:22,300 WARN o.j.r.PluginManager: Found JAR conflict: /Users/kiwitech/Downloads/untitled folder/DATA_BACKUP/apache-jmeter-3.3/lib/java-mail-1.4.jar and /Users/kiwitech/Downloads/untitled folder/DATA_BACKUP/apache-jmeter-3.3/lib/java-mail-1.4.4.jar
2019-08-26 10:30:22,392 INFO o.j.r.JARSourceHTTP: Requesting https://jmeter-plugins.org/repo/?installID=mac_os_x-0e2b8d756517544c818275f4db7290de-gui
2019-08-26 10:30:24,673 INFO o.a.j.p.h.s.HTTPSamplerBase: Parser for text/html is org.apache.jmeter.protocol.http.parser.LagartoBasedHtmlParser
2019-08-26 10:30:24,674 INFO o.a.j.p.h.s.HTTPSamplerBase: Parser for application/xhtml+xml is org.apache.jmeter.protocol.http.parser.LagartoBasedHtmlParser
2019-08-26 10:30:24,674 INFO o.a.j.p.h.s.HTTPSamplerBase: Parser for application/xml is org.apache.jmeter.protocol.http.parser.LagartoBasedHtmlParser
2019-08-26 10:30:24,674 INFO o.a.j.p.h.s.HTTPSamplerBase: Parser for text/xml is org.apache.jmeter.protocol.http.parser.LagartoBasedHtmlParser
2019-08-26 10:30:24,675 INFO o.a.j.p.h.s.HTTPSamplerBase: Parser for text/vnd.wap.wml is org.apache.jmeter.protocol.http.parser.RegexpHTMLParser
2019-08-26 10:30:24,675 INFO o.a.j.p.h.s.HTTPSamplerBase: Parser for text/css is org.apache.jmeter.protocol.http.parser.CssParser
2019-08-26 10:30:24,755 INFO o.a.j.s.SampleResult: Note: Sample TimeStamps are START times
2019-08-26 10:30:24,756 INFO o.a.j.s.SampleResult: sampleresult.default.encoding is set to ISO-8859-1
2019-08-26 10:30:24,756 INFO o.a.j.s.SampleResult: sampleresult.useNanoTime=true
2019-08-26 10:30:24,756 INFO o.a.j.s.SampleResult: sampleresult.nanoThreadSleep=5000
2019-08-26 10:30:26,395 WARN o.a.j.g.ObjectTableModel: Header count=13 but classes count=11
2019-08-26 10:30:26,395 WARN o.a.j.g.ObjectTableModel: Header count=13 but writeFunctor count=11
2019-08-26 10:30:27,106 WARN o.j.r.Plugin: Unable to load class: com.atlantbh.jmeter.plugins.oauth.OAuthSampler
java.lang.NoClassDefFoundError: org/apache/jmeter/protocol/http/sampler/HTTPSampler2
	at java.lang.ClassLoader.defineClass1(Native Method) ~[?:?]
	at java.lang.ClassLoader.defineClass(Unknown Source) ~[?:?]
	at java.security.SecureClassLoader.defineClass(Unknown Source) ~[?:?]
	at java.net.URLClassLoader.defineClass(Unknown Source) ~[?:?]
	at java.net.URLClassLoader.access$100(Unknown Source) ~[?:?]
	at java.net.URLClassLoader$1.run(Unknown Source) ~[?:?]
	at java.net.URLClassLoader$1.run(Unknown Source) ~[?:?]
	at java.security.AccessController.doPrivileged(Native Method) ~[?:?]
	at java.net.URLClassLoader.findClass(Unknown Source) ~[?:?]
	at java.lang.ClassLoader.loadClass(Unknown Source) ~[?:?]
	at java.lang.ClassLoader.loadClass(Unknown Source) ~[?:?]
	at org.jmeterplugins.repository.Plugin.getJARPath(Plugin.java:202) [jmeter-plugins-manager-1.1.jar:?]
	at org.jmeterplugins.repository.Plugin.detectInstalledPlugin(Plugin.java:108) [jmeter-plugins-manager-1.1.jar:?]
	at org.jmeterplugins.repository.Plugin.detectInstalled(Plugin.java:97) [jmeter-plugins-manager-1.1.jar:?]
	at org.jmeterplugins.repository.PluginManager.load(PluginManager.java:86) [jmeter-plugins-manager-1.1.jar:?]
	at org.jmeterplugins.repository.PluginManagerMenuItem$1.run(PluginManagerMenuItem.java:41) [jmeter-plugins-manager-1.1.jar:?]
Caused by: java.lang.ClassNotFoundException: org.apache.jmeter.protocol.http.sampler.HTTPSampler2
	at java.net.URLClassLoader.findClass(Unknown Source) ~[?:?]
	at java.lang.ClassLoader.loadClass(Unknown Source) ~[?:?]
	at java.lang.ClassLoader.loadClass(Unknown Source) ~[?:?]
	... 16 more
2019-08-26 10:30:27,144 INFO o.j.r.PluginManager: Plugins Status: [jpgc-graphs-basic=2.0, jpgc-graphs-additional=2.0, jpgc-autostop=0.1, blazemeter-debugger=0.6, jpgc-sense=3.4, jpgc-cmd=2.1, jpgc-graphs-composite=2.0, jpgc-csl=0.1, jpgc-functions=2.1, custom-soap=1.3, jpgc-casutg=2.5, jpgc-dbmon=0.1, jpgc-directory-listing=0.2, jpgc-graphs-dist=2.0, jpgc-dummy=0.2, jpgc-filterresults=2.1, jpgc-ffw=2.0, jpgc-ggl=2.0, bzm-hls=1.2, jpgc-httpraw=0.1, jpgc-sts=2.3, bzm-http2=1.2, jpgc-hadoop=2.0, jpgc-fifo=0.2, jpgc-jms=0.2, jpgc-jmxmon=0.2, jpgc-json=2.6, jpgc-graphs-vs=2.0, kafkameter=0.2.0, jpgc-lockfile=0.1, mqtt-sampler=0.0.1-SNAPSHOT, jpgc-mergeresults=2.1, jpgc-pde=0.1, bzm-parallel=0.7, jpgc-prmctl=0.4, jpgc-perfmon=2.1, jpgc-plugins-manager=1.1, bzm-random-csv=0.6, jpgc-redis=0.2, jpgc-rotating-listener=0.2, ssh-sampler=1.1.1-SNAPSHOT, tilln-sshmon=1.0, jpgc-webdriver=2.3, jpgc-synthesis=2.1, jpgc-plancheck=2.2, jpgc-tst=2.5, jpgc-udp=0.3, jpgc-csvars=0.1, tilln-wssecurity=1.5, websocket-sampler=1.0.2-SNAPSHOT, websocket-samplers=1.2, jpgc-wsc=0.4, jpgc-xml=0.1, jpgc-xmpp=1.5.1, jmeter-core=3.3, jmeter-ftp=3.3, jmeter-http=3.3, jmeter-jdbc=3.3, jmeter-jms=3.3, jmeter-junit=3.3, jmeter-java=3.3, jmeter-ldap=3.3, jmeter-mail=3.3, jmeter-mongodb=3.3, jmeter-native=3.3, jmeter-tcp=3.3, jmeter-components=3.3, jpgc-standard=2.0]
2019-08-26 10:30:27,150 INFO o.j.r.PluginManagerMenuItem: Plugins Manager has upgrades: [jpgc-sense, jpgc-cmd, custom-soap, jpgc-casutg, jpgc-directory-listing, jpgc-dummy, jpgc-filterresults, bzm-hls, jpgc-sts, bzm-http2, jpgc-json, bzm-parallel, jpgc-plugins-manager, jpgc-redis, tilln-sshmon, jpgc-webdriver, jpgc-synthesis, jpgc-plancheck, jpgc-udp, tilln-wssecurity, websocket-samplers, jpgc-wsc]
2019-08-26 10:30:27,320 INFO o.a.j.g.u.MenuFactory: Skipping org.apache.jmeter.assertions.BSFAssertion
2019-08-26 10:30:27,467 INFO o.a.j.g.u.MenuFactory: Skipping org.apache.jmeter.extractor.BSFPostProcessor
2019-08-26 10:30:27,501 INFO o.a.j.g.u.MenuFactory: Skipping org.apache.jmeter.modifiers.BSFPreProcessor
2019-08-26 10:30:29,452 INFO o.a.j.e.KeyToolUtils: keytool found at 'keytool'
2019-08-26 10:30:29,453 INFO o.a.j.p.h.p.ProxyControl: HTTP(S) Test Script Recorder SSL Proxy will use keys that support embedded 3rd party resources in file /Users/kiwitech/Downloads/untitled folder/DATA_BACKUP/apache-jmeter-3.3/bin/proxyserver.jks
2019-08-26 10:30:29,661 INFO o.a.j.g.u.MenuFactory: Skipping org.apache.jmeter.protocol.java.sampler.BSFSampler
2019-08-26 10:30:29,723 INFO o.a.j.s.FileServer: Default base='/Users/kiwitech/Downloads/untitled folder/DATA_BACKUP/apache-jmeter-3.3/bin'
2019-08-26 10:30:29,822 INFO o.a.j.g.u.MenuFactory: Skipping org.apache.jmeter.protocol.mongodb.config.MongoSourceElement
2019-08-26 10:30:29,822 INFO o.a.j.g.u.MenuFactory: Skipping org.apache.jmeter.protocol.mongodb.sampler.MongoScriptSampler
2019-08-26 10:30:29,827 WARN o.a.j.u.JMeterUtils: ERROR! Resource string not found: [mqtt_qos]
2019-08-26 10:30:29,828 WARN o.a.j.u.JMeterUtils: ERROR! Resource string not found: [mqtt_at_most_once]
2019-08-26 10:30:29,828 WARN o.a.j.u.JMeterUtils: ERROR! Resource string not found: [mqtt_at_least_once]
2019-08-26 10:30:29,829 WARN o.a.j.u.JMeterUtils: ERROR! Resource string not found: [mqtt_exactly_once]
2019-08-26 10:30:29,829 WARN o.a.j.u.JMeterUtils: ERROR! Resource string not found: [mqtt_client_types]
2019-08-26 10:30:29,829 WARN o.a.j.u.JMeterUtils: ERROR! Resource string not found: [mqtt_blocking_client]
2019-08-26 10:30:29,829 WARN o.a.j.u.JMeterUtils: ERROR! Resource string not found: [mqtt_async_client]
2019-08-26 10:30:29,830 WARN o.a.j.u.JMeterUtils: ERROR! Resource string not found: [mqtt_message_input_type]
2019-08-26 10:30:29,830 WARN o.a.j.u.JMeterUtils: ERROR! Resource string not found: [mqtt_message_input_type_text]
2019-08-26 10:30:29,831 WARN o.a.j.u.JMeterUtils: ERROR! Resource string not found: [mqtt_message_input_type_file]
2019-08-26 10:30:29,840 WARN o.a.j.u.JMeterUtils: ERROR! Resource string not found: [mqtt_qos]
2019-08-26 10:30:29,840 WARN o.a.j.u.JMeterUtils: ERROR! Resource string not found: [mqtt_at_most_once]
2019-08-26 10:30:29,841 WARN o.a.j.u.JMeterUtils: ERROR! Resource string not found: [mqtt_at_least_once]
2019-08-26 10:30:29,841 WARN o.a.j.u.JMeterUtils: ERROR! Resource string not found: [mqtt_exactly_once]
2019-08-26 10:30:29,841 WARN o.a.j.u.JMeterUtils: ERROR! Resource string not found: [mqtt_client_types]
2019-08-26 10:30:29,841 WARN o.a.j.u.JMeterUtils: ERROR! Resource string not found: [mqtt_blocking_client]
2019-08-26 10:30:29,841 WARN o.a.j.u.JMeterUtils: ERROR! Resource string not found: [mqtt_async_client]
2019-08-26 10:30:30,047 INFO o.a.j.g.u.MenuFactory: Skipping org.apache.jmeter.timers.BSFTimer
2019-08-26 10:30:30,083 INFO o.a.j.g.u.MenuFactory: Skipping org.apache.jmeter.visualizers.BSFListener
2019-08-26 10:30:34,650 INFO o.a.j.g.a.Load: Loading file: /Users/kiwitech/Downloads/MarketPlacevalet.jmx
2019-08-26 10:30:34,650 INFO o.a.j.s.FileServer: Set new base='/Users/kiwitech/Downloads'
2019-08-26 10:30:34,916 INFO o.a.j.s.SaveService: Testplan (JMX) version: 2.2. Testlog (JTL) version: 2.2
2019-08-26 10:30:34,931 INFO o.a.j.s.SaveService: Using SaveService properties version 3.2
2019-08-26 10:30:34,936 INFO o.a.j.s.SaveService: Using SaveService properties file encoding UTF-8
2019-08-26 10:30:34,938 INFO o.a.j.s.SaveService: Loading file: /Users/kiwitech/Downloads/MarketPlacevalet.jmx
2019-08-26 10:30:35,995 INFO o.a.j.s.FileServer: Set new base='/Users/kiwitech/Downloads'
2019-08-26 10:30:42,379 INFO o.a.j.e.StandardJMeterEngine: Running the test!
2019-08-26 10:30:42,380 INFO o.a.j.s.SampleEvent: List of sample_variables: []
2019-08-26 10:30:42,380 INFO o.a.j.s.SampleEvent: List of sample_variables: []
2019-08-26 10:30:42,409 INFO o.a.j.g.u.JMeterMenuBar: setRunning(true, *local*)
2019-08-26 10:30:42,559 INFO o.a.j.e.StandardJMeterEngine: Starting ThreadGroup: 1 : Market place valet
2019-08-26 10:30:42,560 INFO o.a.j.e.StandardJMeterEngine: Starting 1 threads for group Market place valet.
2019-08-26 10:30:42,560 INFO o.a.j.e.StandardJMeterEngine: Thread will continue on error
2019-08-26 10:30:42,561 INFO o.a.j.t.ThreadGroup: Starting thread group... number=1 threads=1 ramp-up=1 perThread=1000.0 delayedStart=false
2019-08-26 10:30:42,565 INFO o.a.j.t.ThreadGroup: Started thread group number 1
2019-08-26 10:30:42,566 INFO o.a.j.e.StandardJMeterEngine: All thread groups have been started
2019-08-26 10:30:42,567 INFO o.a.j.t.JMeterThread: Thread started: Market place valet 1-1
2019-08-26 10:31:11,170 INFO o.a.j.t.JMeterThread: Thread is done: Market place valet 1-1
2019-08-26 10:31:11,170 INFO o.a.j.t.JMeterThread: Thread finished: Market place valet 1-1
2019-08-26 10:31:11,170 INFO o.a.j.e.StandardJMeterEngine: Notifying test listeners of end of test
2019-08-26 10:31:11,172 INFO o.a.j.g.u.JMeterMenuBar: setRunning(false, *local*)
2019-08-26 16:11:45,607 INFO o.a.j.e.StandardJMeterEngine: Running the test!
2019-08-26 16:11:45,634 INFO o.a.j.s.SampleEvent: List of sample_variables: []
2019-08-26 16:11:45,637 INFO o.a.j.g.u.JMeterMenuBar: setRunning(true, *local*)
2019-08-26 16:11:45,775 INFO o.a.j.e.StandardJMeterEngine: Starting ThreadGroup: 1 : Market place valet
2019-08-26 16:11:45,775 INFO o.a.j.e.StandardJMeterEngine: Starting 1 threads for group Market place valet.
2019-08-26 16:11:45,775 INFO o.a.j.e.StandardJMeterEngine: Thread will continue on error
2019-08-26 16:11:45,775 INFO o.a.j.t.ThreadGroup: Starting thread group... number=1 threads=1 ramp-up=1 perThread=1000.0 delayedStart=false
2019-08-26 16:11:45,776 INFO o.a.j.t.ThreadGroup: Started thread group number 1
2019-08-26 16:11:45,776 INFO o.a.j.e.StandardJMeterEngine: All thread groups have been started
2019-08-26 16:11:45,777 INFO o.a.j.t.JMeterThread: Thread started: Market place valet 1-1
2019-08-26 16:12:18,531 INFO o.a.j.g.a.Start: Stopping test
2019-08-26 16:12:18,569 INFO o.a.j.t.JMeterThread: Stopping: Market place valet 1-1
2019-08-26 16:12:18,570 WARN o.a.j.t.JMeterThread: Interrupting: Market place valet 1-1 sampler: Mail Reader Sampler
2019-08-26 16:12:18,570 WARN o.a.j.t.JMeterThread: No operation pending
2019-08-26 16:12:23,585 WARN o.a.j.t.ThreadGroup: Thread won't exit: Market place valet 1-1
2019-08-26 16:12:52,941 INFO o.a.j.t.JMeterThread: Thread is done: Market place valet 1-1
2019-08-26 16:12:52,941 INFO o.a.j.t.JMeterThread: Thread finished: Market place valet 1-1
2019-08-26 16:12:52,941 INFO o.a.j.e.StandardJMeterEngine: Notifying test listeners of end of test
2019-08-26 16:12:52,941 INFO o.a.j.g.u.JMeterMenuBar: setRunning(false, *local*)
2019-08-26 16:13:03,722 INFO o.a.j.e.StandardJMeterEngine: Running the test!
2019-08-26 16:13:03,746 INFO o.a.j.s.SampleEvent: List of sample_variables: []
2019-08-26 16:13:03,748 INFO o.a.j.g.u.JMeterMenuBar: setRunning(true, *local*)
2019-08-26 16:13:03,884 INFO o.a.j.e.StandardJMeterEngine: Starting ThreadGroup: 1 : Market place valet
2019-08-26 16:13:03,884 INFO o.a.j.e.StandardJMeterEngine: Starting 1 threads for group Market place valet.
2019-08-26 16:13:03,885 INFO o.a.j.e.StandardJMeterEngine: Thread will continue on error
2019-08-26 16:13:03,885 INFO o.a.j.t.ThreadGroup: Starting thread group... number=1 threads=1 ramp-up=1 perThread=1000.0 delayedStart=false
2019-08-26 16:13:03,886 INFO o.a.j.t.ThreadGroup: Started thread group number 1
2019-08-26 16:13:03,887 INFO o.a.j.t.JMeterThread: Thread started: Market place valet 1-1
2019-08-26 16:13:03,888 INFO o.a.j.e.StandardJMeterEngine: All thread groups have been started
2019-08-26 16:14:10,784 INFO o.a.j.t.JMeterThread: Thread is done: Market place valet 1-1
2019-08-26 16:14:10,791 INFO o.a.j.t.JMeterThread: Thread finished: Market place valet 1-1
2019-08-26 16:14:10,792 INFO o.a.j.e.StandardJMeterEngine: Notifying test listeners of end of test
2019-08-26 16:14:10,792 INFO o.a.j.g.u.JMeterMenuBar: setRunning(false, *local*)
2019-08-26 16:15:35,961 INFO o.a.j.e.StandardJMeterEngine: Running the test!
2019-08-26 16:15:35,971 INFO o.a.j.s.SampleEvent: List of sample_variables: []
2019-08-26 16:15:35,973 INFO o.a.j.g.u.JMeterMenuBar: setRunning(true, *local*)
2019-08-26 16:15:36,092 INFO o.a.j.e.StandardJMeterEngine: Starting ThreadGroup: 1 : Market place valet
2019-08-26 16:15:36,092 INFO o.a.j.e.StandardJMeterEngine: Starting 1 threads for group Market place valet.
2019-08-26 16:15:36,092 INFO o.a.j.e.StandardJMeterEngine: Thread will continue on error
2019-08-26 16:15:36,093 INFO o.a.j.t.ThreadGroup: Starting thread group... number=1 threads=1 ramp-up=1 perThread=1000.0 delayedStart=false
2019-08-26 16:15:36,094 INFO o.a.j.t.ThreadGroup: Started thread group number 1
2019-08-26 16:15:36,094 INFO o.a.j.e.StandardJMeterEngine: All thread groups have been started
2019-08-26 16:15:36,095 INFO o.a.j.t.JMeterThread: Thread started: Market place valet 1-1
2019-08-26 16:15:36,137 INFO o.a.j.t.JMeterThread: Thread is done: Market place valet 1-1
2019-08-26 16:15:36,137 INFO o.a.j.t.JMeterThread: Thread finished: Market place valet 1-1
2019-08-26 16:15:36,138 INFO o.a.j.e.StandardJMeterEngine: Notifying test listeners of end of test
2019-08-26 16:15:36,138 INFO o.a.j.g.u.JMeterMenuBar: setRunning(false, *local*)
2019-08-26 16:15:54,797 INFO o.a.j.e.StandardJMeterEngine: Running the test!
2019-08-26 16:15:54,798 INFO o.a.j.s.SampleEvent: List of sample_variables: []
2019-08-26 16:15:54,803 INFO o.a.j.g.u.JMeterMenuBar: setRunning(true, *local*)
2019-08-26 16:15:54,921 INFO o.a.j.e.StandardJMeterEngine: Starting ThreadGroup: 1 : Market place valet
2019-08-26 16:15:54,921 INFO o.a.j.e.StandardJMeterEngine: Starting 1 threads for group Market place valet.
2019-08-26 16:15:54,921 INFO o.a.j.e.StandardJMeterEngine: Thread will continue on error
2019-08-26 16:15:54,921 INFO o.a.j.t.ThreadGroup: Starting thread group... number=1 threads=1 ramp-up=1 perThread=1000.0 delayedStart=false
2019-08-26 16:15:54,922 INFO o.a.j.t.ThreadGroup: Started thread group number 1
2019-08-26 16:15:54,922 INFO o.a.j.e.StandardJMeterEngine: All thread groups have been started
2019-08-26 16:15:54,925 INFO o.a.j.t.JMeterThread: Thread started: Market place valet 1-1
2019-08-26 16:16:24,941 INFO o.a.j.t.JMeterThread: Thread is done: Market place valet 1-1
2019-08-26 16:16:24,941 INFO o.a.j.t.JMeterThread: Thread finished: Market place valet 1-1
2019-08-26 16:16:24,941 INFO o.a.j.e.StandardJMeterEngine: Notifying test listeners of end of test
2019-08-26 16:16:24,941 INFO o.a.j.g.u.JMeterMenuBar: setRunning(false, *local*)
2019-08-27 14:55:55,389 INFO o.a.j.g.a.Load: Loading file: /Users/kiwitech/Downloads/untitled folder/DATA_BACKUP/apache-jmeter-3.3/bin/Thread Group-11.jmx
2019-08-27 14:55:55,401 INFO o.a.j.s.FileServer: Set new base='/Users/kiwitech/Downloads/untitled folder/DATA_BACKUP/apache-jmeter-3.3/bin'
2019-08-27 14:55:55,401 INFO o.a.j.s.SaveService: Loading file: /Users/kiwitech/Downloads/untitled folder/DATA_BACKUP/apache-jmeter-3.3/bin/Thread Group-11.jmx
2019-08-27 14:55:55,686 INFO o.a.j.s.FileServer: Set new base='/Users/kiwitech/Downloads/untitled folder/DATA_BACKUP/apache-jmeter-3.3/bin'
2019-08-27 14:56:31,900 INFO o.a.j.s.FileServer: Set new base='/Users/kiwitech/Downloads/untitled folder/DATA_BACKUP/apache-jmeter-3.3/bin'
